2026-05-09 06:43:21,475 pid=123120 weight_fb=1.00e-02 params=[62.4232 39.8643  0.7519  0.5206]
Traceback (most recent call last):
  File "/home/nl2951/alfven/PF_location_optimization/opt_comp_combined_boundary.py", line 202, in _free_boundary_cost
    mygs.solve()
  File "/home/nl2951/OpenFUSIONToolkit/install_release/python/OpenFUSIONToolkit/TokaMaker/_core.py", line 695, in solve
    raise ValueError("Error in solve: {0}".format(error_string.value.decode()))
ValueError: Error in solve: Exceeded "maxits"                       

2026-05-09 06:56:51,379 pid=123120 weight_fb=1.00e-02 params=[77.4232 74.8643  0.0956  0.1769]
Traceback (most recent call last):
  File "/home/nl2951/alfven/PF_location_optimization/opt_comp_combined_boundary.py", line 174, in _free_boundary_cost
    make_mesh(scan_geom, mesh_file, lim)
  File "/home/nl2951/alfven/PF_location_optimization/opt_comp_combined_boundary.py", line 154, in make_mesh
    mesh_pts, mesh_lc, mesh_reg = gs_mesh.build_mesh()
                                  ^^^^^^^^^^^^^^^^^^^^
  File "/home/nl2951/OpenFUSIONToolkit/install_release/python/OpenFUSIONToolkit/TokaMaker/meshing.py", line 628, in build_mesh
    raise ValueError('Meshing error: unclaimed region detected!')
ValueError: Meshing error: unclaimed region detected!

2026-05-09 07:11:27,157 pid=123120 weight_fb=1.00e-02 params=[149.9232 162.3643   0.8613   0.5988]
Traceback (most recent call last):
  File "/home/nl2951/alfven/PF_location_optimization/opt_comp_combined_boundary.py", line 202, in _free_boundary_cost
    mygs.solve()
  File "/home/nl2951/OpenFUSIONToolkit/install_release/python/OpenFUSIONToolkit/TokaMaker/_core.py", line 695, in solve
    raise ValueError("Error in solve: {0}".format(error_string.value.decode()))
ValueError: Error in solve: Exceeded "maxits"                       

2026-05-09 07:31:39,186 pid=123120 weight_fb=1.00e-02 params=[20.1652 21.7889  0.      0.    ]
Traceback (most recent call last):
  File "/home/nl2951/alfven/PF_location_optimization/opt_comp_combined_boundary.py", line 174, in _free_boundary_cost
    make_mesh(scan_geom, mesh_file, lim)
  File "/home/nl2951/alfven/PF_location_optimization/opt_comp_combined_boundary.py", line 154, in make_mesh
    mesh_pts, mesh_lc, mesh_reg = gs_mesh.build_mesh()
                                  ^^^^^^^^^^^^^^^^^^^^
  File "/home/nl2951/OpenFUSIONToolkit/install_release/python/OpenFUSIONToolkit/TokaMaker/meshing.py", line 628, in build_mesh
    raise ValueError('Meshing error: unclaimed region detected!')
ValueError: Meshing error: unclaimed region detected!

2026-05-09 07:42:16,365 pid=123120 weight_fb=1.00e-02 params=[34.2456 63.1586  1.      0.    ]
Traceback (most recent call last):
  File "/home/nl2951/alfven/PF_location_optimization/opt_comp_combined_boundary.py", line 202, in _free_boundary_cost
    mygs.solve()
  File "/home/nl2951/OpenFUSIONToolkit/install_release/python/OpenFUSIONToolkit/TokaMaker/_core.py", line 695, in solve
    raise ValueError("Error in solve: {0}".format(error_string.value.decode()))
ValueError: Error in solve: Exceeded "maxits"                       

2026-05-09 07:43:09,312 pid=123120 weight_fb=1.00e-02 params=[33.3181 32.4201  0.776   0.    ]
Traceback (most recent call last):
  File "/home/nl2951/alfven/PF_location_optimization/opt_comp_combined_boundary.py", line 202, in _free_boundary_cost
    mygs.solve()
  File "/home/nl2951/OpenFUSIONToolkit/install_release/python/OpenFUSIONToolkit/TokaMaker/_core.py", line 695, in solve
    raise ValueError("Error in solve: {0}".format(error_string.value.decode()))
ValueError: Error in solve: Exceeded "maxits"                       

